<?xml version="1.0" encoding="UTF-8"?>
<!-- Generated by org.testng.reporters.JUnitReportReporter -->
<testsuite skipped="0" hostname="DESKTOP-9IUKI7L" name="com.qa.project.testcases.SearchDDTest" tests="4" failures="0" timestamp="2020-06-17T08:25:21 CDT" time="11.685" errors="0">
  <testcase name="searchPeopleTest" time="2.973" classname="com.qa.project.testcases.SearchDDTest"/>
  <system-out/>
  <testcase name="searchPeopleTest" time="2.917" classname="com.qa.project.testcases.SearchDDTest"/>
  <system-out/>
  <testcase name="searchPeopleTest" time="2.902" classname="com.qa.project.testcases.SearchDDTest"/>
  <system-out/>
  <testcase name="searchPeopleTest" time="2.893" classname="com.qa.project.testcases.SearchDDTest"/>
  <system-out/>
</testsuite> <!-- com.qa.project.testcases.SearchDDTest -->
