<?xml version="1.0" encoding="UTF-8"?>
<!-- Generated by org.testng.reporters.JUnitReportReporter -->
<testsuite skipped="0" hostname="DESKTOP-9IUKI7L" name="com.qa.project.testcases.SearchDDTest" tests="4" failures="0" timestamp="2020-06-17T01:01:49 CDT" time="12.178" errors="0">
  <testcase name="searchPeopleTest" time="3.107" classname="com.qa.project.testcases.SearchDDTest"/>
  <testcase name="searchPeopleTest" time="3.001" classname="com.qa.project.testcases.SearchDDTest"/>
  <testcase name="searchPeopleTest" time="2.872" classname="com.qa.project.testcases.SearchDDTest"/>
  <testcase name="searchPeopleTest" time="3.198" classname="com.qa.project.testcases.SearchDDTest"/>
</testsuite> <!-- com.qa.project.testcases.SearchDDTest -->
